<?xml version="1.0" encoding="UTF-8"?>
<testsuite xmlns:xsi="http://www.w3.org/2001/XMLSchema-instance" xsi:noNamespaceSchemaLocation="https://maven.apache.org/surefire/maven-surefire-plugin/xsd/surefire-test-report.xsd" name="br.com.gubee.interview.core.features.hero.HeroControllerTest" time="2.241" tests="1" errors="0" skipped="0" failures="0">
  <properties>
    <property name="java.specification.version" value="17"/>
    <property name="sun.jnu.encoding" value="UTF-8"/>
    <property name="java.class.path" value="/home/renato/work/entrevistas/teste-pratico/interview-junior/core/target/test-classes:/home/renato/work/entrevistas/teste-pratico/interview-junior/core/target/classes:/home/renato/.m2/repository/org/springframework/boot/spring-boot-starter-web/2.6.7/spring-boot-starter-web-2.6.7.jar:/home/renato/.m2/repository/org/springframework/boot/spring-boot-starter/2.6.7/spring-boot-starter-2.6.7.jar:/home/renato/.m2/repository/org/springframework/boot/spring-boot/2.6.7/spring-boot-2.6.7.jar:/home/renato/.m2/repository/org/springframework/boot/spring-boot-autoconfigure/2.6.7/spring-boot-autoconfigure-2.6.7.jar:/home/renato/.m2/repository/jakarta/annotation/jakarta.annotation-api/1.3.5/jakarta.annotation-api-1.3.5.jar:/home/renato/.m2/repository/org/yaml/snakeyaml/1.29/snakeyaml-1.29.jar:/home/renato/.m2/repository/org/springframework/boot/spring-boot-starter-json/2.6.7/spring-boot-starter-json-2.6.7.jar:/home/renato/.m2/repository/com/fasterxml/jackson/datatype/jackson-datatype-jdk8/2.13.2/jackson-datatype-jdk8-2.13.2.jar:/home/renato/.m2/repository/com/fasterxml/jackson/datatype/jackson-datatype-jsr310/2.13.2/jackson-datatype-jsr310-2.13.2.jar:/home/renato/.m2/repository/com/fasterxml/jackson/module/jackson-module-parameter-names/2.13.2/jackson-module-parameter-names-2.13.2.jar:/home/renato/.m2/repository/org/springframework/boot/spring-boot-starter-tomcat/2.6.7/spring-boot-starter-tomcat-2.6.7.jar:/home/renato/.m2/repository/org/apache/tomcat/embed/tomcat-embed-core/9.0.62/tomcat-embed-core-9.0.62.jar:/home/renato/.m2/repository/org/apache/tomcat/embed/tomcat-embed-el/9.0.62/tomcat-embed-el-9.0.62.jar:/home/renato/.m2/repository/org/apache/tomcat/embed/tomcat-embed-websocket/9.0.62/tomcat-embed-websocket-9.0.62.jar:/home/renato/.m2/repository/org/springframework/spring-web/5.3.19/spring-web-5.3.19.jar:/home/renato/.m2/repository/org/springframework/spring-beans/5.3.19/spring-beans-5.3.19.jar:/home/renato/.m2/repository/org/springframework/spring-webmvc/5.3.19/spring-webmvc-5.3.19.jar:/home/renato/.m2/repository/org/springframework/spring-aop/5.3.19/spring-aop-5.3.19.jar:/home/renato/.m2/repository/org/springframework/spring-context/5.3.19/spring-context-5.3.19.jar:/home/renato/.m2/repository/org/springframework/spring-expression/5.3.19/spring-expression-5.3.19.jar:/home/renato/.m2/repository/org/springframework/boot/spring-boot-starter-log4j2/2.6.7/spring-boot-starter-log4j2-2.6.7.jar:/home/renato/.m2/repository/org/apache/logging/log4j/log4j-slf4j-impl/2.17.2/log4j-slf4j-impl-2.17.2.jar:/home/renato/.m2/repository/org/slf4j/slf4j-api/1.7.36/slf4j-api-1.7.36.jar:/home/renato/.m2/repository/org/apache/logging/log4j/log4j-api/2.17.2/log4j-api-2.17.2.jar:/home/renato/.m2/repository/org/apache/logging/log4j/log4j-core/2.17.2/log4j-core-2.17.2.jar:/home/renato/.m2/repository/org/apache/logging/log4j/log4j-jul/2.17.2/log4j-jul-2.17.2.jar:/home/renato/.m2/repository/org/slf4j/jul-to-slf4j/1.7.36/jul-to-slf4j-1.7.36.jar:/home/renato/.m2/repository/org/springframework/boot/spring-boot-starter-data-jdbc/2.6.7/spring-boot-starter-data-jdbc-2.6.7.jar:/home/renato/.m2/repository/org/springframework/boot/spring-boot-starter-jdbc/2.6.7/spring-boot-starter-jdbc-2.6.7.jar:/home/renato/.m2/repository/com/zaxxer/HikariCP/4.0.3/HikariCP-4.0.3.jar:/home/renato/.m2/repository/org/springframework/spring-jdbc/5.3.19/spring-jdbc-5.3.19.jar:/home/renato/.m2/repository/org/springframework/data/spring-data-jdbc/2.3.4/spring-data-jdbc-2.3.4.jar:/home/renato/.m2/repository/org/springframework/data/spring-data-relational/2.3.4/spring-data-relational-2.3.4.jar:/home/renato/.m2/repository/org/springframework/data/spring-data-commons/2.6.4/spring-data-commons-2.6.4.jar:/home/renato/.m2/repository/org/springframework/spring-tx/5.3.19/spring-tx-5.3.19.jar:/home/renato/work/entrevistas/teste-pratico/interview-junior/model/target/interview-model-1.0.0-SNAPSHOT.jar:/home/renato/.m2/repository/javax/validation/validation-api/2.0.1.Final/validation-api-2.0.1.Final.jar:/home/renato/.m2/repository/org/hibernate/validator/hibernate-validator/6.2.3.Final/hibernate-validator-6.2.3.Final.jar:/home/renato/.m2/repository/jakarta/validation/jakarta.validation-api/2.0.2/jakarta.validation-api-2.0.2.jar:/home/renato/.m2/repository/org/jboss/logging/jboss-logging/3.4.3.Final/jboss-logging-3.4.3.Final.jar:/home/renato/.m2/repository/com/fasterxml/classmate/1.5.1/classmate-1.5.1.jar:/home/renato/.m2/repository/org/hibernate/validator/hibernate-validator-annotation-processor/6.2.3.Final/hibernate-validator-annotation-processor-6.2.3.Final.jar:/home/renato/.m2/repository/com/fasterxml/jackson/core/jackson-annotations/2.13.2/jackson-annotations-2.13.2.jar:/home/renato/.m2/repository/com/fasterxml/jackson/core/jackson-databind/2.13.2.1/jackson-databind-2.13.2.1.jar:/home/renato/.m2/repository/com/fasterxml/jackson/core/jackson-core/2.13.2/jackson-core-2.13.2.jar:/home/renato/.m2/repository/com/lmax/disruptor/3.4.2/disruptor-3.4.2.jar:/home/renato/.m2/repository/org/flywaydb/flyway-core/8.0.5/flyway-core-8.0.5.jar:/home/renato/.m2/repository/org/postgresql/postgresql/42.3.4/postgresql-42.3.4.jar:/home/renato/.m2/repository/org/checkerframework/checker-qual/3.5.0/checker-qual-3.5.0.jar:/home/renato/.m2/repository/org/springframework/boot/spring-boot-starter-test/2.6.7/spring-boot-starter-test-2.6.7.jar:/home/renato/.m2/repository/org/springframework/boot/spring-boot-test/2.6.7/spring-boot-test-2.6.7.jar:/home/renato/.m2/repository/org/springframework/boot/spring-boot-test-autoconfigure/2.6.7/spring-boot-test-autoconfigure-2.6.7.jar:/home/renato/.m2/repository/com/jayway/jsonpath/json-path/2.6.0/json-path-2.6.0.jar:/home/renato/.m2/repository/net/minidev/json-smart/2.4.8/json-smart-2.4.8.jar:/home/renato/.m2/repository/net/minidev/accessors-smart/2.4.8/accessors-smart-2.4.8.jar:/home/renato/.m2/repository/org/ow2/asm/asm/9.1/asm-9.1.jar:/home/renato/.m2/repository/jakarta/xml/bind/jakarta.xml.bind-api/2.3.3/jakarta.xml.bind-api-2.3.3.jar:/home/renato/.m2/repository/jakarta/activation/jakarta.activation-api/1.2.2/jakarta.activation-api-1.2.2.jar:/home/renato/.m2/repository/org/assertj/assertj-core/3.21.0/assertj-core-3.21.0.jar:/home/renato/.m2/repository/org/hamcrest/hamcrest/2.2/hamcrest-2.2.jar:/home/renato/.m2/repository/org/junit/jupiter/junit-jupiter/5.8.2/junit-jupiter-5.8.2.jar:/home/renato/.m2/repository/org/junit/jupiter/junit-jupiter-api/5.8.2/junit-jupiter-api-5.8.2.jar:/home/renato/.m2/repository/org/opentest4j/opentest4j/1.2.0/opentest4j-1.2.0.jar:/home/renato/.m2/repository/org/junit/platform/junit-platform-commons/1.8.2/junit-platform-commons-1.8.2.jar:/home/renato/.m2/repository/org/apiguardian/apiguardian-api/1.1.2/apiguardian-api-1.1.2.jar:/home/renato/.m2/repository/org/junit/jupiter/junit-jupiter-params/5.8.2/junit-jupiter-params-5.8.2.jar:/home/renato/.m2/repository/org/junit/jupiter/junit-jupiter-engine/5.8.2/junit-jupiter-engine-5.8.2.jar:/home/renato/.m2/repository/org/junit/platform/junit-platform-engine/1.8.2/junit-platform-engine-1.8.2.jar:/home/renato/.m2/repository/org/mockito/mockito-core/4.0.0/mockito-core-4.0.0.jar:/home/renato/.m2/repository/net/bytebuddy/byte-buddy/1.11.22/byte-buddy-1.11.22.jar:/home/renato/.m2/repository/net/bytebuddy/byte-buddy-agent/1.11.22/byte-buddy-agent-1.11.22.jar:/home/renato/.m2/repository/org/objenesis/objenesis/3.2/objenesis-3.2.jar:/home/renato/.m2/repository/org/mockito/mockito-junit-jupiter/4.0.0/mockito-junit-jupiter-4.0.0.jar:/home/renato/.m2/repository/org/skyscreamer/jsonassert/1.5.0/jsonassert-1.5.0.jar:/home/renato/.m2/repository/com/vaadin/external/google/android-json/0.0.20131108.vaadin1/android-json-0.0.20131108.vaadin1.jar:/home/renato/.m2/repository/org/springframework/spring-core/5.3.19/spring-core-5.3.19.jar:/home/renato/.m2/repository/org/springframework/spring-jcl/5.3.19/spring-jcl-5.3.19.jar:/home/renato/.m2/repository/org/springframework/spring-test/5.3.19/spring-test-5.3.19.jar:/home/renato/.m2/repository/org/xmlunit/xmlunit-core/2.8.4/xmlunit-core-2.8.4.jar:/home/renato/.m2/repository/org/projectlombok/lombok/1.18.24/lombok-1.18.24.jar:"/>
    <property name="java.vm.vendor" value="Eclipse Adoptium"/>
    <property name="sun.arch.data.model" value="64"/>
    <property name="java.vendor.url" value="https://adoptium.net/"/>
    <property name="os.name" value="Linux"/>
    <property name="java.vm.specification.version" value="17"/>
    <property name="sun.java.launcher" value="SUN_STANDARD"/>
    <property name="user.country" value="BR"/>
    <property name="sun.boot.library.path" value="/home/renato/.sdkman/candidates/java/17.0.3-tem/lib"/>
    <property name="sun.java.command" value="/home/renato/work/entrevistas/teste-pratico/interview-junior/core/target/surefire/surefirebooter1822414330196254212.jar /home/renato/work/entrevistas/teste-pratico/interview-junior/core/target/surefire 2022-08-11T11-19-34_116-jvmRun1 surefire4926254596376466062tmp surefire_012124855377423994042tmp"/>
    <property name="jdk.debug" value="release"/>
    <property name="surefire.test.class.path" value="/home/renato/work/entrevistas/teste-pratico/interview-junior/core/target/test-classes:/home/renato/work/entrevistas/teste-pratico/interview-junior/core/target/classes:/home/renato/.m2/repository/org/springframework/boot/spring-boot-starter-web/2.6.7/spring-boot-starter-web-2.6.7.jar:/home/renato/.m2/repository/org/springframework/boot/spring-boot-starter/2.6.7/spring-boot-starter-2.6.7.jar:/home/renato/.m2/repository/org/springframework/boot/spring-boot/2.6.7/spring-boot-2.6.7.jar:/home/renato/.m2/repository/org/springframework/boot/spring-boot-autoconfigure/2.6.7/spring-boot-autoconfigure-2.6.7.jar:/home/renato/.m2/repository/jakarta/annotation/jakarta.annotation-api/1.3.5/jakarta.annotation-api-1.3.5.jar:/home/renato/.m2/repository/org/yaml/snakeyaml/1.29/snakeyaml-1.29.jar:/home/renato/.m2/repository/org/springframework/boot/spring-boot-starter-json/2.6.7/spring-boot-starter-json-2.6.7.jar:/home/renato/.m2/repository/com/fasterxml/jackson/datatype/jackson-datatype-jdk8/2.13.2/jackson-datatype-jdk8-2.13.2.jar:/home/renato/.m2/repository/com/fasterxml/jackson/datatype/jackson-datatype-jsr310/2.13.2/jackson-datatype-jsr310-2.13.2.jar:/home/renato/.m2/repository/com/fasterxml/jackson/module/jackson-module-parameter-names/2.13.2/jackson-module-parameter-names-2.13.2.jar:/home/renato/.m2/repository/org/springframework/boot/spring-boot-starter-tomcat/2.6.7/spring-boot-starter-tomcat-2.6.7.jar:/home/renato/.m2/repository/org/apache/tomcat/embed/tomcat-embed-core/9.0.62/tomcat-embed-core-9.0.62.jar:/home/renato/.m2/repository/org/apache/tomcat/embed/tomcat-embed-el/9.0.62/tomcat-embed-el-9.0.62.jar:/home/renato/.m2/repository/org/apache/tomcat/embed/tomcat-embed-websocket/9.0.62/tomcat-embed-websocket-9.0.62.jar:/home/renato/.m2/repository/org/springframework/spring-web/5.3.19/spring-web-5.3.19.jar:/home/renato/.m2/repository/org/springframework/spring-beans/5.3.19/spring-beans-5.3.19.jar:/home/renato/.m2/repository/org/springframework/spring-webmvc/5.3.19/spring-webmvc-5.3.19.jar:/home/renato/.m2/repository/org/springframework/spring-aop/5.3.19/spring-aop-5.3.19.jar:/home/renato/.m2/repository/org/springframework/spring-context/5.3.19/spring-context-5.3.19.jar:/home/renato/.m2/repository/org/springframework/spring-expression/5.3.19/spring-expression-5.3.19.jar:/home/renato/.m2/repository/org/springframework/boot/spring-boot-starter-log4j2/2.6.7/spring-boot-starter-log4j2-2.6.7.jar:/home/renato/.m2/repository/org/apache/logging/log4j/log4j-slf4j-impl/2.17.2/log4j-slf4j-impl-2.17.2.jar:/home/renato/.m2/repository/org/slf4j/slf4j-api/1.7.36/slf4j-api-1.7.36.jar:/home/renato/.m2/repository/org/apache/logging/log4j/log4j-api/2.17.2/log4j-api-2.17.2.jar:/home/renato/.m2/repository/org/apache/logging/log4j/log4j-core/2.17.2/log4j-core-2.17.2.jar:/home/renato/.m2/repository/org/apache/logging/log4j/log4j-jul/2.17.2/log4j-jul-2.17.2.jar:/home/renato/.m2/repository/org/slf4j/jul-to-slf4j/1.7.36/jul-to-slf4j-1.7.36.jar:/home/renato/.m2/repository/org/springframework/boot/spring-boot-starter-data-jdbc/2.6.7/spring-boot-starter-data-jdbc-2.6.7.jar:/home/renato/.m2/repository/org/springframework/boot/spring-boot-starter-jdbc/2.6.7/spring-boot-starter-jdbc-2.6.7.jar:/home/renato/.m2/repository/com/zaxxer/HikariCP/4.0.3/HikariCP-4.0.3.jar:/home/renato/.m2/repository/org/springframework/spring-jdbc/5.3.19/spring-jdbc-5.3.19.jar:/home/renato/.m2/repository/org/springframework/data/spring-data-jdbc/2.3.4/spring-data-jdbc-2.3.4.jar:/home/renato/.m2/repository/org/springframework/data/spring-data-relational/2.3.4/spring-data-relational-2.3.4.jar:/home/renato/.m2/repository/org/springframework/data/spring-data-commons/2.6.4/spring-data-commons-2.6.4.jar:/home/renato/.m2/repository/org/springframework/spring-tx/5.3.19/spring-tx-5.3.19.jar:/home/renato/work/entrevistas/teste-pratico/interview-junior/model/target/interview-model-1.0.0-SNAPSHOT.jar:/home/renato/.m2/repository/javax/validation/validation-api/2.0.1.Final/validation-api-2.0.1.Final.jar:/home/renato/.m2/repository/org/hibernate/validator/hibernate-validator/6.2.3.Final/hibernate-validator-6.2.3.Final.jar:/home/renato/.m2/repository/jakarta/validation/jakarta.validation-api/2.0.2/jakarta.validation-api-2.0.2.jar:/home/renato/.m2/repository/org/jboss/logging/jboss-logging/3.4.3.Final/jboss-logging-3.4.3.Final.jar:/home/renato/.m2/repository/com/fasterxml/classmate/1.5.1/classmate-1.5.1.jar:/home/renato/.m2/repository/org/hibernate/validator/hibernate-validator-annotation-processor/6.2.3.Final/hibernate-validator-annotation-processor-6.2.3.Final.jar:/home/renato/.m2/repository/com/fasterxml/jackson/core/jackson-annotations/2.13.2/jackson-annotations-2.13.2.jar:/home/renato/.m2/repository/com/fasterxml/jackson/core/jackson-databind/2.13.2.1/jackson-databind-2.13.2.1.jar:/home/renato/.m2/repository/com/fasterxml/jackson/core/jackson-core/2.13.2/jackson-core-2.13.2.jar:/home/renato/.m2/repository/com/lmax/disruptor/3.4.2/disruptor-3.4.2.jar:/home/renato/.m2/repository/org/flywaydb/flyway-core/8.0.5/flyway-core-8.0.5.jar:/home/renato/.m2/repository/org/postgresql/postgresql/42.3.4/postgresql-42.3.4.jar:/home/renato/.m2/repository/org/checkerframework/checker-qual/3.5.0/checker-qual-3.5.0.jar:/home/renato/.m2/repository/org/springframework/boot/spring-boot-starter-test/2.6.7/spring-boot-starter-test-2.6.7.jar:/home/renato/.m2/repository/org/springframework/boot/spring-boot-test/2.6.7/spring-boot-test-2.6.7.jar:/home/renato/.m2/repository/org/springframework/boot/spring-boot-test-autoconfigure/2.6.7/spring-boot-test-autoconfigure-2.6.7.jar:/home/renato/.m2/repository/com/jayway/jsonpath/json-path/2.6.0/json-path-2.6.0.jar:/home/renato/.m2/repository/net/minidev/json-smart/2.4.8/json-smart-2.4.8.jar:/home/renato/.m2/repository/net/minidev/accessors-smart/2.4.8/accessors-smart-2.4.8.jar:/home/renato/.m2/repository/org/ow2/asm/asm/9.1/asm-9.1.jar:/home/renato/.m2/repository/jakarta/xml/bind/jakarta.xml.bind-api/2.3.3/jakarta.xml.bind-api-2.3.3.jar:/home/renato/.m2/repository/jakarta/activation/jakarta.activation-api/1.2.2/jakarta.activation-api-1.2.2.jar:/home/renato/.m2/repository/org/assertj/assertj-core/3.21.0/assertj-core-3.21.0.jar:/home/renato/.m2/repository/org/hamcrest/hamcrest/2.2/hamcrest-2.2.jar:/home/renato/.m2/repository/org/junit/jupiter/junit-jupiter/5.8.2/junit-jupiter-5.8.2.jar:/home/renato/.m2/repository/org/junit/jupiter/junit-jupiter-api/5.8.2/junit-jupiter-api-5.8.2.jar:/home/renato/.m2/repository/org/opentest4j/opentest4j/1.2.0/opentest4j-1.2.0.jar:/home/renato/.m2/repository/org/junit/platform/junit-platform-commons/1.8.2/junit-platform-commons-1.8.2.jar:/home/renato/.m2/repository/org/apiguardian/apiguardian-api/1.1.2/apiguardian-api-1.1.2.jar:/home/renato/.m2/repository/org/junit/jupiter/junit-jupiter-params/5.8.2/junit-jupiter-params-5.8.2.jar:/home/renato/.m2/repository/org/junit/jupiter/junit-jupiter-engine/5.8.2/junit-jupiter-engine-5.8.2.jar:/home/renato/.m2/repository/org/junit/platform/junit-platform-engine/1.8.2/junit-platform-engine-1.8.2.jar:/home/renato/.m2/repository/org/mockito/mockito-core/4.0.0/mockito-core-4.0.0.jar:/home/renato/.m2/repository/net/bytebuddy/byte-buddy/1.11.22/byte-buddy-1.11.22.jar:/home/renato/.m2/repository/net/bytebuddy/byte-buddy-agent/1.11.22/byte-buddy-agent-1.11.22.jar:/home/renato/.m2/repository/org/objenesis/objenesis/3.2/objenesis-3.2.jar:/home/renato/.m2/repository/org/mockito/mockito-junit-jupiter/4.0.0/mockito-junit-jupiter-4.0.0.jar:/home/renato/.m2/repository/org/skyscreamer/jsonassert/1.5.0/jsonassert-1.5.0.jar:/home/renato/.m2/repository/com/vaadin/external/google/android-json/0.0.20131108.vaadin1/android-json-0.0.20131108.vaadin1.jar:/home/renato/.m2/repository/org/springframework/spring-core/5.3.19/spring-core-5.3.19.jar:/home/renato/.m2/repository/org/springframework/spring-jcl/5.3.19/spring-jcl-5.3.19.jar:/home/renato/.m2/repository/org/springframework/spring-test/5.3.19/spring-test-5.3.19.jar:/home/renato/.m2/repository/org/xmlunit/xmlunit-core/2.8.4/xmlunit-core-2.8.4.jar:/home/renato/.m2/repository/org/projectlombok/lombok/1.18.24/lombok-1.18.24.jar:"/>
    <property name="sun.cpu.endian" value="little"/>
    <property name="user.home" value="/home/renato"/>
    <property name="user.language" value="pt"/>
    <property name="java.specification.vendor" value="Oracle Corporation"/>
    <property name="java.version.date" value="2022-04-19"/>
    <property name="java.home" value="/home/renato/.sdkman/candidates/java/17.0.3-tem"/>
    <property name="file.separator" value="/"/>
    <property name="basedir" value="/home/renato/work/entrevistas/teste-pratico/interview-junior/core"/>
    <property name="java.vm.compressedOopsMode" value="Zero based"/>
    <property name="line.separator" value="&#10;"/>
    <property name="java.vm.specification.vendor" value="Oracle Corporation"/>
    <property name="java.specification.name" value="Java Platform API Specification"/>
    <property name="surefire.real.class.path" value="/home/renato/work/entrevistas/teste-pratico/interview-junior/core/target/surefire/surefirebooter1822414330196254212.jar"/>
    <property name="sun.management.compiler" value="HotSpot 64-Bit Tiered Compilers"/>
    <property name="java.runtime.version" value="17.0.3+7"/>
    <property name="user.name" value="renato"/>
    <property name="path.separator" value=":"/>
    <property name="os.version" value="5.4.0-122-generic"/>
    <property name="java.runtime.name" value="OpenJDK Runtime Environment"/>
    <property name="file.encoding" value="UTF-8"/>
    <property name="java.vm.name" value="OpenJDK 64-Bit Server VM"/>
    <property name="java.vendor.version" value="Temurin-17.0.3+7"/>
    <property name="localRepository" value="/home/renato/.m2/repository"/>
    <property name="java.vendor.url.bug" value="https://github.com/adoptium/adoptium-support/issues"/>
    <property name="java.io.tmpdir" value="/tmp"/>
    <property name="java.version" value="17.0.3"/>
    <property name="user.dir" value="/home/renato/work/entrevistas/teste-pratico/interview-junior/core"/>
    <property name="os.arch" value="amd64"/>
    <property name="java.vm.specification.name" value="Java Virtual Machine Specification"/>
    <property name="native.encoding" value="UTF-8"/>
    <property name="java.library.path" value="/usr/java/packages/lib:/usr/lib64:/lib64:/lib:/usr/lib"/>
    <property name="java.vm.info" value="mixed mode, sharing"/>
    <property name="java.vendor" value="Eclipse Adoptium"/>
    <property name="java.vm.version" value="17.0.3+7"/>
    <property name="sun.io.unicode.encoding" value="UnicodeLittle"/>
    <property name="java.class.version" value="61.0"/>
  </properties>
  <testcase name="createAHeroWithAllRequiredArguments" classname="br.com.gubee.interview.core.features.hero.HeroControllerTest" time="0.179"/>
</testsuite>